This is pdfTeX, Version 3.1415926-2.6-1.40.14 (TeX Live 2014/dev) (format=pdflatex 2015.7.21)  26 APR 2016 15:18
entering extended mode
 restricted \write18 enabled.
 %&-line parsing enabled.
**thesis.tex
(./thesis.tex
LaTeX2e <2011/06/27>
Babel <3.9h> and hyphenation patterns for 2 languages loaded.
(./tesi_upf.cls

LaTeX Warning: You have requested document class `tesi_upf',
               but the document class provides `book'.

Document Class: book 2005/09/16 v1.4f Standard LaTeX document class
(/usr/share/texlive/texmf-dist/tex/latex/base/bk12.clo
File: bk12.clo 2007/10/19 v1.4h Standard LaTeX file (size option)
)
\c@part=\count79
\c@chapter=\count80
\c@section=\count81
\c@subsection=\count82
\c@subsubsection=\count83
\c@paragraph=\count84
\c@subparagraph=\count85
\c@figure=\count86
\c@table=\count87
\abovecaptionskip=\skip41
\belowcaptionskip=\skip42
\bibindent=\dimen102
)
(/usr/share/texlive/texmf-dist/tex/latex/base/inputenc.sty
Package: inputenc 2008/03/30 v1.1d Input encoding file
\inpenc@prehook=\toks14
\inpenc@posthook=\toks15

(/usr/share/texlive/texmf-dist/tex/latex/base/latin1.def
File: latin1.def 2008/03/30 v1.1d Input encoding file
))
(/usr/share/texlive/texmf-dist/tex/latex/base/fontenc.sty
Package: fontenc 2005/09/27 v1.99g Standard LaTeX package

(/usr/share/texlive/texmf-dist/tex/latex/base/t1enc.def
File: t1enc.def 2005/09/27 v1.99g Standard LaTeX file
LaTeX Font Info:    Redeclaring font encoding T1 on input line 43.
))
(/usr/share/texlive/texmf-dist/tex/generic/babel/babel.sty
Package: babel 2013/12/03 3.9h The Babel package

(/usr/share/texlive/texmf-dist/tex/generic/babel-english/english.ldf
Language: english 2012/08/20 v3.3p English support from the babel system

(/usr/share/texlive/texmf-dist/tex/generic/babel/babel.def
File: babel.def 2013/12/03 3.9h Babel common definitions
\babel@savecnt=\count88
\U@D=\dimen103
)
\l@british = a dialect from \language\l@english 
\l@UKenglish = a dialect from \language\l@english 
\l@canadian = a dialect from \language\l@american 
\l@australian = a dialect from \language\l@british 
\l@newzealand = a dialect from \language\l@british 
)
(/usr/share/texlive/texmf-dist/tex/generic/babel-spanish/spanish.ldf
Language: spanish.ldf 2010/05/23 v5.0j Spanish support from the babel system


Package babel Warning: No hyphenation patterns were preloaded for
(babel)                the language `Spanish' into the format.
(babel)                Please, configure your TeX system to add them and
(babel)                rebuild the format. Now I will use the patterns
(babel)                preloaded for english instead on input line 67.

\l@spanish = a dialect from \language0
\es@datefmt=\count89
\es@quottoks=\toks16
\es@quotdepth=\count90
Package babel Info: Making " an active character on input line 495.
Package babel Info: Making . an active character on input line 588.
Package babel Info: Making < an active character on input line 633.
Package babel Info: Making > an active character on input line 633.
)) (./crop.sty
Package: crop 2003/05/20 v1.9 crop marks (mf)
\stockwidth=\dimen104
\stockheight=\dimen105
\CROP@index=\count91
 (/usr/share/texlive/texmf-dist/tex/latex/graphics/color.sty
Package: color 2005/11/14 v1.0j Standard LaTeX Color (DPC)

(/usr/share/texlive/texmf-dist/tex/latex/latexconfig/color.cfg
File: color.cfg 2007/01/18 v1.5 color configuration of teTeX/TeXLive
)
Package color Info: Driver file: pdftex.def on input line 130.

(/usr/share/texlive/texmf-dist/tex/latex/pdftex-def/pdftex.def
File: pdftex.def 2011/05/27 v0.06d Graphics/color for pdfTeX

(/usr/share/texlive/texmf-dist/tex/generic/oberdiek/infwarerr.sty
Package: infwarerr 2010/04/08 v1.3 Providing info/warning/error messages (HO)
)
(/usr/share/texlive/texmf-dist/tex/generic/oberdiek/ltxcmds.sty
Package: ltxcmds 2011/11/09 v1.22 LaTeX kernel commands for general use (HO)
)
\Gread@gobject=\count92
))
(/usr/share/texlive/texmf-dist/tex/latex/graphics/graphics.sty
Package: graphics 2009/02/05 v1.0o Standard LaTeX Graphics (DPC,SPQR)

(/usr/share/texlive/texmf-dist/tex/latex/graphics/trig.sty
Package: trig 1999/03/16 v1.09 sin cos tan (DPC)
)
(/usr/share/texlive/texmf-dist/tex/latex/latexconfig/graphics.cfg
File: graphics.cfg 2010/04/23 v1.9 graphics configuration of TeX Live
)
Package graphics Info: Driver file: pdftex.def on input line 91.
)
\CROP@offset=\count93
Package crop Info: Local config file crop.cfg used on input line 605.

(/usr/share/texlive/texmf-dist/tex/xelatex/xetexconfig/crop.cfg))
(/usr/share/texlive/texmf-dist/tex/latex/hyperref/hyperref.sty
Package: hyperref 2012/11/06 v6.83m Hypertext links for LaTeX

(/usr/share/texlive/texmf-dist/tex/generic/oberdiek/hobsub-hyperref.sty
Package: hobsub-hyperref 2012/05/28 v1.13 Bundle oberdiek, subset hyperref (HO)


(/usr/share/texlive/texmf-dist/tex/generic/oberdiek/hobsub-generic.sty
Package: hobsub-generic 2012/05/28 v1.13 Bundle oberdiek, subset generic (HO)
Package: hobsub 2012/05/28 v1.13 Construct package bundles (HO)
Package hobsub Info: Skipping package `infwarerr' (already loaded).
Package hobsub Info: Skipping package `ltxcmds' (already loaded).
Package: ifluatex 2010/03/01 v1.3 Provides the ifluatex switch (HO)
Package ifluatex Info: LuaTeX not detected.
Package: ifvtex 2010/03/01 v1.5 Detect VTeX and its facilities (HO)
Package ifvtex Info: VTeX not detected.
Package: intcalc 2007/09/27 v1.1 Expandable calculations with integers (HO)
Package: ifpdf 2011/01/30 v2.3 Provides the ifpdf switch (HO)
Package ifpdf Info: pdfTeX in PDF mode is detected.
Package: etexcmds 2011/02/16 v1.5 Avoid name clashes with e-TeX commands (HO)
Package etexcmds Info: Could not find \expanded.
(etexcmds)             That can mean that you are not using pdfTeX 1.50 or
(etexcmds)             that some package has redefined \expanded.
(etexcmds)             In the latter case, load this package earlier.
Package: kvsetkeys 2012/04/25 v1.16 Key value parser (HO)
Package: kvdefinekeys 2011/04/07 v1.3 Define keys (HO)
Package: pdftexcmds 2011/11/29 v0.20 Utility functions of pdfTeX for LuaTeX (HO
)
Package pdftexcmds Info: LuaTeX not detected.
Package pdftexcmds Info: \pdf@primitive is available.
Package pdftexcmds Info: \pdf@ifprimitive is available.
Package pdftexcmds Info: \pdfdraftmode found.
Package: pdfescape 2011/11/25 v1.13 Implements pdfTeX's escape features (HO)
Package: bigintcalc 2012/04/08 v1.3 Expandable calculations on big integers (HO
)
Package: bitset 2011/01/30 v1.1 Handle bit-vector datatype (HO)
Package: uniquecounter 2011/01/30 v1.2 Provide unlimited unique counter (HO)
)
Package hobsub Info: Skipping package `hobsub' (already loaded).
Package: letltxmacro 2010/09/02 v1.4 Let assignment for LaTeX macros (HO)
Package: hopatch 2012/05/28 v1.2 Wrapper for package hooks (HO)
Package: xcolor-patch 2011/01/30 xcolor patch
Package: atveryend 2011/06/30 v1.8 Hooks at the very end of document (HO)
Package atveryend Info: \enddocument detected (standard20110627).
Package: atbegshi 2011/10/05 v1.16 At begin shipout hook (HO)
Package atbegshi Info: Package `crop' patched.
Package: refcount 2011/10/16 v3.4 Data extraction from label references (HO)
Package: hycolor 2011/01/30 v1.7 Color options for hyperref/bookmark (HO)
)
(/usr/share/texlive/texmf-dist/tex/latex/graphics/keyval.sty
Package: keyval 1999/03/16 v1.13 key=value parser (DPC)
\KV@toks@=\toks17
)
(/usr/share/texlive/texmf-dist/tex/generic/ifxetex/ifxetex.sty
Package: ifxetex 2010/09/12 v0.6 Provides ifxetex conditional
)
(/usr/share/texlive/texmf-dist/tex/latex/oberdiek/auxhook.sty
Package: auxhook 2011/03/04 v1.3 Hooks for auxiliary files (HO)
)
(/usr/share/texlive/texmf-dist/tex/latex/oberdiek/kvoptions.sty
Package: kvoptions 2011/06/30 v3.11 Key value format for package options (HO)
)
\@linkdim=\dimen106
\Hy@linkcounter=\count94
\Hy@pagecounter=\count95

(/usr/share/texlive/texmf-dist/tex/latex/hyperref/pd1enc.def
File: pd1enc.def 2012/11/06 v6.83m Hyperref: PDFDocEncoding definition (HO)
)
\Hy@SavedSpaceFactor=\count96

(/usr/share/texlive/texmf-dist/tex/latex/latexconfig/hyperref.cfg
File: hyperref.cfg 2002/06/06 v1.2 hyperref configuration of TeXLive
)
Package hyperref Info: Option `colorlinks' set `false' on input line 4319.
Package hyperref Info: Hyper figures OFF on input line 4443.
Package hyperref Info: Link nesting OFF on input line 4448.
Package hyperref Info: Hyper index ON on input line 4451.
Package hyperref Info: Plain pages OFF on input line 4458.
Package hyperref Info: Backreferencing OFF on input line 4463.
Package hyperref Info: Implicit mode ON; LaTeX internals redefined.
Package hyperref Info: Bookmarks ON on input line 4688.
\c@Hy@tempcnt=\count97

(/usr/share/texlive/texmf-dist/tex/latex/url/url.sty
\Urlmuskip=\muskip10
Package: url 2006/04/12  ver 3.3  Verb mode for urls, etc.
)
LaTeX Info: Redefining \url on input line 5041.
\XeTeXLinkMargin=\dimen107
\Fld@menulength=\count98
\Field@Width=\dimen108
\Fld@charsize=\dimen109
Package hyperref Info: Hyper figures OFF on input line 6295.
Package hyperref Info: Link nesting OFF on input line 6300.
Package hyperref Info: Hyper index ON on input line 6303.
Package hyperref Info: backreferencing OFF on input line 6310.
Package hyperref Info: Link coloring OFF on input line 6315.
Package hyperref Info: Link coloring with OCG OFF on input line 6320.
Package hyperref Info: PDF/A mode OFF on input line 6325.
LaTeX Info: Redefining \ref on input line 6365.
LaTeX Info: Redefining \pageref on input line 6369.
\Hy@abspage=\count99
\c@Item=\count100
\c@Hfootnote=\count101
)

Package hyperref Message: Driver (autodetected): hpdftex.

(/usr/share/texlive/texmf-dist/tex/latex/hyperref/hpdftex.def
File: hpdftex.def 2012/11/06 v6.83m Hyperref driver for pdfTeX
\Fld@listcount=\count102
\c@bookmark@seq@number=\count103

(/usr/share/texlive/texmf-dist/tex/latex/oberdiek/rerunfilecheck.sty
Package: rerunfilecheck 2011/04/15 v1.7 Rerun checks for auxiliary files (HO)
Package uniquecounter Info: New unique counter `rerunfilecheck' on input line 2
82.
)
\Hy@SectionHShift=\skip43
)
(/usr/share/texlive/texmf-dist/tex/latex/graphics/graphicx.sty
Package: graphicx 1999/02/16 v1.0f Enhanced LaTeX Graphics (DPC,SPQR)
\Gin@req@height=\dimen110
\Gin@req@width=\dimen111
)
(/usr/share/texlive/texmf-dist/tex/latex/mh/mathtools.sty
Package: mathtools 2013/02/12 v1.13 mathematical typesetting tools

(/usr/share/texlive/texmf-dist/tex/latex/tools/calc.sty
Package: calc 2007/08/22 v4.3 Infix arithmetic (KKT,FJ)
\calc@Acount=\count104
\calc@Bcount=\count105
\calc@Adimen=\dimen112
\calc@Bdimen=\dimen113
\calc@Askip=\skip44
\calc@Bskip=\skip45
LaTeX Info: Redefining \setlength on input line 76.
LaTeX Info: Redefining \addtolength on input line 77.
\calc@Ccount=\count106
\calc@Cskip=\skip46
)
(/usr/share/texlive/texmf-dist/tex/latex/mh/mhsetup.sty
Package: mhsetup 2010/01/21 v1.2a programming setup (MH)
)
(/usr/share/texlive/texmf-dist/tex/latex/amsmath/amsmath.sty
Package: amsmath 2013/01/14 v2.14 AMS math features
\@mathmargin=\skip47

For additional information on amsmath, use the `?' option.
(/usr/share/texlive/texmf-dist/tex/latex/amsmath/amstext.sty
Package: amstext 2000/06/29 v2.01

(/usr/share/texlive/texmf-dist/tex/latex/amsmath/amsgen.sty
File: amsgen.sty 1999/11/30 v2.0
\@emptytoks=\toks18
\ex@=\dimen114
))
(/usr/share/texlive/texmf-dist/tex/latex/amsmath/amsbsy.sty
Package: amsbsy 1999/11/29 v1.2d
\pmbraise@=\dimen115
)
(/usr/share/texlive/texmf-dist/tex/latex/amsmath/amsopn.sty
Package: amsopn 1999/12/14 v2.01 operator names
)
\inf@bad=\count107
LaTeX Info: Redefining \frac on input line 210.
\uproot@=\count108
\leftroot@=\count109
LaTeX Info: Redefining \overline on input line 306.
\classnum@=\count110
\DOTSCASE@=\count111
LaTeX Info: Redefining \ldots on input line 378.
LaTeX Info: Redefining \dots on input line 381.
LaTeX Info: Redefining \cdots on input line 466.
\Mathstrutbox@=\box26
\strutbox@=\box27
\big@size=\dimen116
LaTeX Font Info:    Redeclaring font encoding OML on input line 566.
LaTeX Font Info:    Redeclaring font encoding OMS on input line 567.
\macc@depth=\count112
\c@MaxMatrixCols=\count113
\dotsspace@=\muskip11
\c@parentequation=\count114
\dspbrk@lvl=\count115
\tag@help=\toks19
\row@=\count116
\column@=\count117
\maxfields@=\count118
\andhelp@=\toks20
\eqnshift@=\dimen117
\alignsep@=\dimen118
\tagshift@=\dimen119
\tagwidth@=\dimen120
\totwidth@=\dimen121
\lineht@=\dimen122
\@envbody=\toks21
\multlinegap=\skip48
\multlinetaggap=\skip49
\mathdisplay@stack=\toks22
LaTeX Info: Redefining \[ on input line 2665.
LaTeX Info: Redefining \] on input line 2666.
)
LaTeX Info: Thecontrolsequence`\['isalreadyrobust on input line 129.
LaTeX Info: Thecontrolsequence`\]'isalreadyrobust on input line 129.
\g_MT_multlinerow_int=\count119
\l_MT_multwidth_dim=\dimen123
\origjot=\skip50
\l_MT_shortvdotswithinadjustabove_dim=\dimen124
\l_MT_shortvdotswithinadjustbelow_dim=\dimen125
\l_MT_above_intertext_sep=\dimen126
\l_MT_below_intertext_sep=\dimen127
\l_MT_above_shortintertext_sep=\dimen128
\l_MT_below_shortintertext_sep=\dimen129
)
(/usr/share/texlive/texmf-dist/tex/latex/csquotes/csquotes.sty
Package: csquotes 2011/10/22 v5.1d context-sensitive quotations

(/usr/share/texlive/texmf-dist/tex/latex/etoolbox/etoolbox.sty
Package: etoolbox 2011/01/03 v2.1 e-TeX tools for LaTeX

(/usr/share/texlive/texmf-dist/tex/latex/etex-pkg/etex.sty
Package: etex 1998/03/26 v2.0 eTeX basic definition package (PEB)
\et@xins=\count120
)
\etb@tempcnta=\count121
)
\csq@reset=\count122
\csq@gtype=\count123
\csq@glevel=\count124
\csq@qlevel=\count125
\csq@maxlvl=\count126
\csq@tshold=\count127
\csq@ltx@everypar=\toks23

(/usr/share/texlive/texmf-dist/tex/latex/csquotes/csquotes.def
File: csquotes.def 2011/10/22 v5.1d csquotes generic definitions
)
Package csquotes Info: Trying to load configuration file 'csquotes.cfg'...
Package csquotes Info: ... configuration file loaded successfully.

(/usr/share/texlive/texmf-dist/tex/latex/csquotes/csquotes.cfg
File: csquotes.cfg 
))
(/usr/share/texlive/texmf-dist/tex/latex/psnfss/times.sty
Package: times 2005/04/12 PSNFSS-v9.2a (SPQR) 
)
(/usr/share/texlive/texmf-dist/tex/latex/biblatex/biblatex.sty
Package: biblatex 2013/11/25 v2.8a programmable bibliographies (PK/JW/AB)

(/usr/share/texlive/texmf-dist/tex/latex/biblatex/biblatex2.sty
Package: biblatex2 2013/11/25 v2.8a programmable bibliographies (biber) (PK/JW/
AB)

(/usr/share/texlive/texmf-dist/tex/latex/logreq/logreq.sty
Package: logreq 2010/08/04 v1.0 xml request logger
\lrq@indent=\count128

(/usr/share/texlive/texmf-dist/tex/latex/logreq/logreq.def
File: logreq.def 2010/08/04 v1.0 logreq spec v1.0
))
(/usr/share/texlive/texmf-dist/tex/latex/base/ifthen.sty
Package: ifthen 2001/05/26 v1.1c Standard LaTeX ifthen package (DPC)
)
\c@tabx@nest=\count129
\c@listtotal=\count130
\c@listcount=\count131
\c@liststart=\count132
\c@liststop=\count133
\c@citecount=\count134
\c@citetotal=\count135
\c@multicitecount=\count136
\c@multicitetotal=\count137
\c@instcount=\count138
\c@maxnames=\count139
\c@minnames=\count140
\c@maxitems=\count141
\c@minitems=\count142
\c@citecounter=\count143
\c@savedcitecounter=\count144
\c@uniquelist=\count145
\c@uniquename=\count146
\c@refsection=\count147
\c@refsegment=\count148
\c@maxextratitle=\count149
\c@maxextratitleyear=\count150
\c@maxextrayear=\count151
\c@maxextraalpha=\count152
\c@abbrvpenalty=\count153
\c@highnamepenalty=\count154
\c@lownamepenalty=\count155
\c@maxparens=\count156
\c@parenlevel=\count157
\blx@tempcnta=\count158
\blx@tempcntb=\count159
\blx@tempcntc=\count160
\blx@maxsection=\count161
\blx@maxsegment@0=\count162
\blx@notetype=\count163
\blx@parenlevel@text=\count164
\blx@parenlevel@foot=\count165
\blx@sectionciteorder@0=\count166
\labelnumberwidth=\skip51
\labelalphawidth=\skip52
\shorthandwidth=\skip53
\biblabelsep=\skip54
\bibitemsep=\skip55
\bibnamesep=\skip56
\bibinitsep=\skip57
\bibparsep=\skip58
\bibhang=\skip59
\blx@bcfin=\read1
\blx@bcfout=\write3
\c@mincomprange=\count167
\c@maxcomprange=\count168
\c@mincompwidth=\count169
Package biblatex Info: Trying to load biblatex default data model...
Package biblatex Info: ... file 'blx-dm.def' found.

(/usr/share/texlive/texmf-dist/tex/latex/biblatex/blx-dm.def)
Package biblatex Info: Trying to load biblatex custom data model...
Package biblatex Info: ... file 'biblatex-dm.cfg' not found.
\c@afterword=\count170
\c@savedafterword=\count171
\c@annotator=\count172
\c@savedannotator=\count173
\c@author=\count174
\c@savedauthor=\count175
\c@bookauthor=\count176
\c@savedbookauthor=\count177
\c@commentator=\count178
\c@savedcommentator=\count179
\c@editor=\count180
\c@savededitor=\count181
\c@editora=\count182
\c@savededitora=\count183
\c@editorb=\count184
\c@savededitorb=\count185
\c@editorc=\count186
\c@savededitorc=\count187
\c@foreword=\count188
\c@savedforeword=\count189
\c@holder=\count190
\c@savedholder=\count191
\c@introduction=\count192
\c@savedintroduction=\count193
\c@namea=\count194
\c@savednamea=\count195
\c@nameb=\count196
\c@savednameb=\count197
\c@namec=\count198
\c@savednamec=\count199
\c@shortauthor=\count200
\c@savedshortauthor=\count201
\c@shorteditor=\count202
\c@savedshorteditor=\count203
\c@translator=\count204
\c@savedtranslator=\count205
\c@labelname=\count206
\c@savedlabelname=\count207
\c@institution=\count208
\c@savedinstitution=\count209
\c@lista=\count210
\c@savedlista=\count211
\c@listb=\count212
\c@savedlistb=\count213
\c@listc=\count214
\c@savedlistc=\count215
\c@listd=\count216
\c@savedlistd=\count217
\c@liste=\count218
\c@savedliste=\count219
\c@listf=\count220
\c@savedlistf=\count221
\c@location=\count222
\c@savedlocation=\count223
\c@organization=\count224
\c@savedorganization=\count225
\c@origlocation=\count226
\c@savedoriglocation=\count227
\c@origpublisher=\count228
\c@savedorigpublisher=\count229
\c@publisher=\count230
\c@savedpublisher=\count231
\c@language=\count232
\c@savedlanguage=\count233
Normal \count register pool exhausted, switching to extended pool.
\c@pageref=\count277
\c@savedpageref=\count278
Package biblatex Info: Trying to load compatibility code...
Package biblatex Info: ... file 'blx-compat.def' found.

(/usr/share/texlive/texmf-dist/tex/latex/biblatex/blx-compat.def
File: blx-compat.def 2013/11/25 v2.8a biblatex compatibility (PK/JW/AB)
)
Package biblatex Info: Trying to load generic definitions...
Package biblatex Info: ... file 'biblatex.def' found.

(/usr/share/texlive/texmf-dist/tex/latex/biblatex/biblatex.def
File: biblatex.def 
\c@textcitecount=\count279
\c@textcitetotal=\count280
\c@textcitemaxnames=\count281
\c@biburlnumpenalty=\count282
\c@biburlucpenalty=\count283
\c@biburllcpenalty=\count284
\c@smartand=\count285
)
Package biblatex Info: Trying to load bibliography style 'numeric'...
Package biblatex Info: ... file 'numeric.bbx' found.

(/usr/share/texlive/texmf-dist/tex/latex/biblatex/bbx/numeric.bbx
File: numeric.bbx 2013/11/25 v2.8a biblatex bibliography style (PK/JW/AB)
Package biblatex Info: Trying to load bibliography style 'standard'...
Package biblatex Info: ... file 'standard.bbx' found.

(/usr/share/texlive/texmf-dist/tex/latex/biblatex/bbx/standard.bbx
File: standard.bbx 2013/11/25 v2.8a biblatex bibliography style (PK/JW/AB)
\c@bbx:relatedcount=\count286
\c@bbx:relatedtotal=\count287
))
Package biblatex Info: Trying to load citation style 'numeric'...
Package biblatex Info: ... file 'numeric.cbx' found.

(/usr/share/texlive/texmf-dist/tex/latex/biblatex/cbx/numeric.cbx
File: numeric.cbx 2013/11/25 v2.8a biblatex citation style (PK/JW/AB)
Package biblatex Info: Redefining '\cite'.
Package biblatex Info: Redefining '\parencite'.
Package biblatex Info: Redefining '\footcite'.
Package biblatex Info: Redefining '\footcitetext'.
Package biblatex Info: Redefining '\smartcite'.
Package biblatex Info: Redefining '\supercite'.
Package biblatex Info: Redefining '\textcite'.
Package biblatex Info: Redefining '\textcites'.
Package biblatex Info: Redefining '\cites'.
Package biblatex Info: Redefining '\parencites'.
Package biblatex Info: Redefining '\smartcites'.
)
Package biblatex Info: Trying to load configuration file...
Package biblatex Info: ... file 'biblatex.cfg' found.

(/usr/share/texlive/texmf-dist/tex/latex/biblatex/biblatex.cfg
File: biblatex.cfg 
)))
(/usr/share/texlive/texmf-dist/tex/latex/base/makeidx.sty
Package: makeidx 2000/03/29 v1.0m Standard LaTeX package
)
(/usr/share/texlive/texmf-dist/tex/latex/caption/subcaption.sty
Package: subcaption 2013/02/03 v1.1-62 Sub-captions (AR)

(/usr/share/texlive/texmf-dist/tex/latex/caption/caption.sty
Package: caption 2013/05/02 v3.3-89 Customizing captions (AR)

(/usr/share/texlive/texmf-dist/tex/latex/caption/caption3.sty
Package: caption3 2013/05/02 v1.6-88 caption3 kernel (AR)
Package caption3 Info: TeX engine: e-TeX on input line 57.
\captionmargin=\dimen130
\captionmargin@=\dimen131
\captionwidth=\dimen132
\caption@tempdima=\dimen133
\caption@indent=\dimen134
\caption@parindent=\dimen135
\caption@hangindent=\dimen136
)
\c@ContinuedFloat=\count288
Package caption Info: hyperref package is loaded.
)
\c@subfigure=\count289
\c@subtable=\count290
)
(/usr/share/texlive/texmf-dist/tex/latex/enumitem/enumitem.sty
Package: enumitem 2011/09/28 v3.5.2 Customized lists
\labelindent=\skip60
\enit@outerparindent=\dimen137
\enit@toks=\toks24
\enit@inbox=\box28
\enitdp@description=\count291
)
(/usr/share/texlive/texmf-dist/tex/latex/tools/tabularx.sty
Package: tabularx 1999/01/07 v2.07 `tabularx' package (DPC)

(/usr/share/texlive/texmf-dist/tex/latex/tools/array.sty
Package: array 2008/09/09 v2.4c Tabular extension package (FMi)
\col@sep=\dimen138
\extrarowheight=\dimen139
\NC@list=\toks25
\extratabsurround=\skip61
\backup@length=\skip62
)
\TX@col@width=\dimen140
\TX@old@table=\dimen141
\TX@old@col=\dimen142
\TX@target=\dimen143
\TX@delta=\dimen144
\TX@cols=\count292
\TX@ftn=\toks26
)
(/usr/share/texlive/texmf-dist/tex/latex/adjustbox/adjustbox.sty
Package: adjustbox 2012/05/21 v1.0 Adjusting TeX boxes (trim, clip, ...)

(/usr/share/texlive/texmf-dist/tex/latex/xkeyval/xkeyval.sty
Package: xkeyval 2012/10/14 v2.6b package option processing (HA)

(/usr/share/texlive/texmf-dist/tex/generic/xkeyval/xkeyval.tex
\XKV@toks=\toks27
\XKV@tempa@toks=\toks28
\XKV@depth=\count293
File: xkeyval.tex 2012/10/14 v2.6b key=value parser (HA)
))
(/usr/share/texlive/texmf-dist/tex/latex/adjustbox/adjcalc.sty
Package: adjcalc 2012/05/16 v1.1 Provides advanced setlength with multiple back
-ends (calc, etex, pgfmath)
)
(/usr/share/texlive/texmf-dist/tex/latex/adjustbox/trimclip.sty
Package: trimclip 2012/05/16 v1.0 Trim and clip general TeX material

(/usr/share/texlive/texmf-dist/tex/latex/collectbox/collectbox.sty
Package: collectbox 2012/05/17 v0.4b Collect macro arguments as boxes
\collectedbox=\box29
)
\tc@llx=\dimen145
\tc@lly=\dimen146
\tc@urx=\dimen147
\tc@ury=\dimen148
Package trimclip Info: Using driver 'tc-pdftex.def'.

(/usr/share/texlive/texmf-dist/tex/latex/adjustbox/tc-pdftex.def
File: tc-pdftex.def 2012/05/13 v1.0 Clipping driver for pdftex
))
\adjbox@Width=\dimen149
\adjbox@Height=\dimen150
\adjbox@Depth=\dimen151
\adjbox@Totalheight=\dimen152

(/usr/share/texlive/texmf-dist/tex/latex/ifoddpage/ifoddpage.sty
Package: ifoddpage 2011/09/13 v1.0 Conditionals for odd/even page detection
\c@checkoddpage=\count294
)
(/usr/share/texlive/texmf-dist/tex/latex/varwidth/varwidth.sty
Package: varwidth 2009/03/30 ver 0.92;  Variable-width minipages
\@vwid@box=\box30
\sift@deathcycles=\count295
\@vwid@loff=\dimen153
\@vwid@roff=\dimen154
))
(/usr/share/texlive/texmf-dist/tex/latex/tabu/tabu.sty
Package: tabu 2011/02/26 v2.8 - flexible LaTeX tabulars (FC)
\c@taburow=\count296
\tabu@nbcols=\count297
\tabu@cnt=\count298
\tabu@Xcol=\count299
\tabu@alloc=\count300
\tabu@nested=\count301
\tabu@target=\dimen155
\tabu@spreadtarget=\dimen156
\tabu@naturalX=\dimen157
\tabucolX=\dimen158
\tabu@Xsum=\dimen159
\extrarowdepth=\dimen160
\abovetabulinesep=\dimen161
\belowtabulinesep=\dimen162
\tabustrutrule=\dimen163
\tabu@thebody=\toks29
\tabu@footnotes=\toks30
\tabu@box=\box31
\tabu@arstrutbox=\box32
\tabu@hleads=\box33
\tabu@vleads=\box34
\tabu@cellskip=\skip63
)
\@indexfile=\write4
\openout4 = `thesis.idx'.


Writing index file thesis.idx
Package csquotes Info: Checking for multilingual support...
Package csquotes Info: ... found 'babel' package.
Package csquotes Info: Adjusting default style.
Package csquotes Info: Redefining alias 'default' -> 'spanish'.
Package biblatex Info: Trying to load language 'spanish'...
Package biblatex Info: ... file 'spanish.lbx' found.
(/usr/share/texlive/texmf-dist/tex/latex/biblatex/lbx/spanish.lbx
File: spanish.lbx 2013/11/25 v2.8a biblatex localization (PK/JW/AB)
)
(./thesis.aux
Package biblatex Info: Trying to load language 'english'...
Package biblatex Info: ... file 'english.lbx' found.
 (/usr/share/texlive/texmf-dist/tex/latex/biblatex/lbx/english.lbx
File: english.lbx 2013/11/25 v2.8a biblatex localization (PK/JW/AB)
)
LaTeX Info: Redefining \sptext on input line 32.
LaTeX Info: Redefining \. on input line 32.
LaTeX Info: Redefining \% on input line 32.
LaTeX Info: Redefining \sptext on input line 40.
LaTeX Info: Redefining \. on input line 40.
LaTeX Info: Redefining \% on input line 40.
)
\openout1 = `thesis.aux'.

LaTeX Font Info:    Checking defaults for OML/cmm/m/it on input line 55.
LaTeX Font Info:    ... okay on input line 55.
LaTeX Font Info:    Checking defaults for T1/cmr/m/n on input line 55.
LaTeX Font Info:    ... okay on input line 55.
LaTeX Font Info:    Checking defaults for OT1/cmr/m/n on input line 55.
LaTeX Font Info:    ... okay on input line 55.
LaTeX Font Info:    Checking defaults for OMS/cmsy/m/n on input line 55.
LaTeX Font Info:    ... okay on input line 55.
LaTeX Font Info:    Checking defaults for OMX/cmex/m/n on input line 55.
LaTeX Font Info:    ... okay on input line 55.
LaTeX Font Info:    Checking defaults for U/cmr/m/n on input line 55.
LaTeX Font Info:    ... okay on input line 55.
LaTeX Font Info:    Checking defaults for PD1/pdf/m/n on input line 55.
LaTeX Font Info:    ... okay on input line 55.
LaTeX Font Info:    Try loading font information for T1+ptm on input line 55.
 (/usr/share/texlive/texmf-dist/tex/latex/psnfss/t1ptm.fd
File: t1ptm.fd 2001/06/04 font definitions for T1/ptm.
)
LaTeX Info: Redefining \sptext on input line 55.
LaTeX Info: Redefining \. on input line 55.
LaTeX Info: Redefining \% on input line 55.

(/usr/share/texlive/texmf-dist/tex/context/base/supp-pdf.mkii
[Loading MPS to PDF converter (version 2006.09.02).]
\scratchcounter=\count302
\scratchdimen=\dimen164
\scratchbox=\box35
\nofMPsegments=\count303
\nofMParguments=\count304
\everyMPshowfont=\toks31
\MPscratchCnt=\count305
\MPscratchDim=\dimen165
\MPnumerator=\count306
\makeMPintoPDFobject=\count307
\everyMPtoPDFconversion=\toks32
) (/usr/share/texlive/texmf-dist/tex/latex/oberdiek/epstopdf-base.sty
Package: epstopdf-base 2010/02/09 v2.5 Base part for package epstopdf

(/usr/share/texlive/texmf-dist/tex/latex/oberdiek/grfext.sty
Package: grfext 2010/08/19 v1.1 Manage graphics extensions (HO)
)
Package grfext Info: Graphics extension search list:
(grfext)             [.png,.pdf,.jpg,.mps,.jpeg,.jbig2,.jb2,.PNG,.PDF,.JPG,.JPE
G,.JBIG2,.JB2,.eps]
(grfext)             \AppendGraphicsExtensions on input line 452.

(/usr/share/texlive/texmf-dist/tex/latex/latexconfig/epstopdf-sys.cfg
File: epstopdf-sys.cfg 2010/07/13 v1.3 Configuration of (r)epstopdf for TeX Liv
e
))
Package crop Info: requested driver: `' on input line 55.
Package crop Info: detected driver: `pdftex' on input line 55.
Package crop Info: using `pdftex' graphics driver on input line 55.
\AtBeginShipoutBox=\box36
Package hyperref Info: Link coloring OFF on input line 55.

(/usr/share/texlive/texmf-dist/tex/latex/hyperref/nameref.sty
Package: nameref 2012/10/27 v2.43 Cross-referencing by name of section

(/usr/share/texlive/texmf-dist/tex/generic/oberdiek/gettitlestring.sty
Package: gettitlestring 2010/12/03 v1.4 Cleanup title references (HO)
)
\c@section@level=\count308
)
LaTeX Info: Redefining \ref on input line 55.
LaTeX Info: Redefining \pageref on input line 55.
LaTeX Info: Redefining \nameref on input line 55.

(./thesis.out) (./thesis.out)
\@outlinefile=\write5
\openout5 = `thesis.out'.

Package biblatex Info: Input encoding 'latin1' detected.
Package biblatex Info: Data encoding 'utf8' specified.
(biblatex)             Backend will reencode on the fly.
\openout3 = `thesis.bcf'.

Package biblatex Info: Trying to load bibliographic data...


Package biblatex Warning: File 'thesis.bbl' is wrong format version - expected 
2.3.

Package biblatex Info: ... file 'thesis.bbl' found.
(./thesis.bbl

Package biblatex Warning: The following entry could not be found
(biblatex)                in the database:
(biblatex)                qsar
(biblatex)                Please verify the spelling and rerun
(biblatex)                LaTeX afterwards.


Package biblatex Warning: The following entry could not be found
(biblatex)                in the database:
(biblatex)                Besnard2012be
(biblatex)                Please verify the spelling and rerun
(biblatex)                LaTeX afterwards.

)
Package biblatex Info: Reference section=0 on input line 55.
Package biblatex Info: Reference segment=0 on input line 55.
Package caption Info: Begin \AtBeginDocument code.
Package caption Info: End \AtBeginDocument code.
LaTeX Font Info:    Try loading font information for T1+phv on input line 61.
 (/usr/share/texlive/texmf-dist/tex/latex/psnfss/t1phv.fd
File: t1phv.fd 2001/06/04 scalable font definitions for T1/phv.
)
<../figures/logo_upf.png, id=72, 36.135pt x 13.2495pt>
File: ../figures/logo_upf.png Graphic file (type png)

<use ../figures/logo_upf.png>
Package pdftex.def Info: ../figures/logo_upf.png used on input line 61.
(pdftex.def)             Requested size: 14.45372pt x 5.2997pt.
Package babel Info: Redefining spanish shorthand <<
(babel)             in language  on input line 61.
Package babel Info: Redefining spanish shorthand >>
(babel)             in language  on input line 61.
Package babel Info: Redefining spanish shorthand "=
(babel)             in language  on input line 61.
Package babel Info: Redefining spanish shorthand "~
(babel)             in language  on input line 61.
Package babel Info: Redefining spanish shorthand "!
(babel)             in language  on input line 61.
Package babel Info: Redefining spanish shorthand "?
(babel)             in language  on input line 61.
Package babel Info: Redefining spanish shorthand <<
(babel)             in language  on input line 61.
Package babel Info: Redefining spanish shorthand >>
(babel)             in language  on input line 61.
Package babel Info: Redefining spanish shorthand "=
(babel)             in language  on input line 61.
Package babel Info: Redefining spanish shorthand "~
(babel)             in language  on input line 61.
Package babel Info: Redefining spanish shorthand "!
(babel)             in language  on input line 61.
Package babel Info: Redefining spanish shorthand "?
(babel)             in language  on input line 61.
 [1{/usr/share/texlive/texmf-dist/fonts/map/pdftex/updmap/pdftex.map}





 <../figures/logo_upf.png>]
Package babel Info: Redefining spanish shorthand <<
(babel)             in language  on input line 62.
Package babel Info: Redefining spanish shorthand >>
(babel)             in language  on input line 62.
Package babel Info: Redefining spanish shorthand "=
(babel)             in language  on input line 62.
Package babel Info: Redefining spanish shorthand "~
(babel)             in language  on input line 62.
Package babel Info: Redefining spanish shorthand "!
(babel)             in language  on input line 62.
Package babel Info: Redefining spanish shorthand "?
(babel)             in language  on input line 62.
Package babel Info: Redefining spanish shorthand <<
(babel)             in language  on input line 62.
Package babel Info: Redefining spanish shorthand >>
(babel)             in language  on input line 62.
Package babel Info: Redefining spanish shorthand "=
(babel)             in language  on input line 62.
Package babel Info: Redefining spanish shorthand "~
(babel)             in language  on input line 62.
Package babel Info: Redefining spanish shorthand "!
(babel)             in language  on input line 62.
Package babel Info: Redefining spanish shorthand "?
(babel)             in language  on input line 62.
 [2


]
Package babel Info: Redefining spanish shorthand <<
(babel)             in language  on input line 69.
Package babel Info: Redefining spanish shorthand >>
(babel)             in language  on input line 69.
Package babel Info: Redefining spanish shorthand "=
(babel)             in language  on input line 69.
Package babel Info: Redefining spanish shorthand "~
(babel)             in language  on input line 69.
Package babel Info: Redefining spanish shorthand "!
(babel)             in language  on input line 69.
Package babel Info: Redefining spanish shorthand "?
(babel)             in language  on input line 69.
Package babel Info: Redefining spanish shorthand <<
(babel)             in language  on input line 69.
Package babel Info: Redefining spanish shorthand >>
(babel)             in language  on input line 69.
Package babel Info: Redefining spanish shorthand "=
(babel)             in language  on input line 69.
Package babel Info: Redefining spanish shorthand "~
(babel)             in language  on input line 69.
Package babel Info: Redefining spanish shorthand "!
(babel)             in language  on input line 69.
Package babel Info: Redefining spanish shorthand "?
(babel)             in language  on input line 69.
 [3]
Package babel Info: Redefining spanish shorthand <<
(babel)             in language  on input line 69.
Package babel Info: Redefining spanish shorthand >>
(babel)             in language  on input line 69.
Package babel Info: Redefining spanish shorthand "=
(babel)             in language  on input line 69.
Package babel Info: Redefining spanish shorthand "~
(babel)             in language  on input line 69.
Package babel Info: Redefining spanish shorthand "!
(babel)             in language  on input line 69.
Package babel Info: Redefining spanish shorthand "?
(babel)             in language  on input line 69.
Package babel Info: Redefining spanish shorthand <<
(babel)             in language  on input line 69.
Package babel Info: Redefining spanish shorthand >>
(babel)             in language  on input line 69.
Package babel Info: Redefining spanish shorthand "=
(babel)             in language  on input line 69.
Package babel Info: Redefining spanish shorthand "~
(babel)             in language  on input line 69.
Package babel Info: Redefining spanish shorthand "!
(babel)             in language  on input line 69.
Package babel Info: Redefining spanish shorthand "?
(babel)             in language  on input line 69.
 [4


]
Package babel Info: Redefining spanish shorthand <<
(babel)             in language  on input line 77.
Package babel Info: Redefining spanish shorthand >>
(babel)             in language  on input line 77.
Package babel Info: Redefining spanish shorthand "=
(babel)             in language  on input line 77.
Package babel Info: Redefining spanish shorthand "~
(babel)             in language  on input line 77.
Package babel Info: Redefining spanish shorthand "!
(babel)             in language  on input line 77.
Package babel Info: Redefining spanish shorthand "?
(babel)             in language  on input line 77.
Package babel Info: Redefining spanish shorthand <<
(babel)             in language  on input line 77.
Package babel Info: Redefining spanish shorthand >>
(babel)             in language  on input line 77.
Package babel Info: Redefining spanish shorthand "=
(babel)             in language  on input line 77.
Package babel Info: Redefining spanish shorthand "~
(babel)             in language  on input line 77.
Package babel Info: Redefining spanish shorthand "!
(babel)             in language  on input line 77.
Package babel Info: Redefining spanish shorthand "?
(babel)             in language  on input line 77.
 [5]
Package babel Info: Redefining spanish shorthand <<
(babel)             in language  on input line 77.
Package babel Info: Redefining spanish shorthand >>
(babel)             in language  on input line 77.
Package babel Info: Redefining spanish shorthand "=
(babel)             in language  on input line 77.
Package babel Info: Redefining spanish shorthand "~
(babel)             in language  on input line 77.
Package babel Info: Redefining spanish shorthand "!
(babel)             in language  on input line 77.
Package babel Info: Redefining spanish shorthand "?
(babel)             in language  on input line 77.
Package babel Info: Redefining spanish shorthand <<
(babel)             in language  on input line 77.
Package babel Info: Redefining spanish shorthand >>
(babel)             in language  on input line 77.
Package babel Info: Redefining spanish shorthand "=
(babel)             in language  on input line 77.
Package babel Info: Redefining spanish shorthand "~
(babel)             in language  on input line 77.
Package babel Info: Redefining spanish shorthand "!
(babel)             in language  on input line 77.
Package babel Info: Redefining spanish shorthand "?
(babel)             in language  on input line 77.
 [6


]
LaTeX Font Info:    Font shape `T1/ptm/bx/n' in size <17.28> not available
(Font)              Font shape `T1/ptm/b/n' tried instead on input line 82.
LaTeX Font Info:    Font shape `T1/phv/bx/n' in size <17.28> not available
(Font)              Font shape `T1/phv/b/n' tried instead on input line 82.
LaTeX Info: Redefining \sptext on input line 86.
LaTeX Info: Redefining \. on input line 86.
LaTeX Info: Redefining \% on input line 86.
 [7] [8


]
LaTeX Font Info:    Font shape `T1/ptm/bx/n' in size <12> not available
(Font)              Font shape `T1/ptm/b/n' tried instead on input line 97.

[9] [10


]
LaTeX Font Info:    Font shape `T1/ptm/bx/n' in size <24.88> not available
(Font)              Font shape `T1/ptm/b/n' tried instead on input line 104.
 (./thesis.toc
LaTeX Info: Redefining \sptext on input line 4.
LaTeX Info: Redefining \. on input line 4.
LaTeX Info: Redefining \% on input line 4.
LaTeX Info: Redefining \sptext on input line 8.
LaTeX Info: Redefining \. on input line 8.
LaTeX Info: Redefining \% on input line 8.
LaTeX Font Info:    Font shape `T1/ptm/bx/sc' in size <12> not available
(Font)              Font shape `T1/ptm/b/sc' tried instead on input line 12.

Underfull \vbox (badness 10000) has occurred while \output is active []

 [11


])
\tf@toc=\write6
\openout6 = `thesis.toc'.


[12] (./thesis.lof
LaTeX Info: Redefining \sptext on input line 4.
LaTeX Info: Redefining \. on input line 4.
LaTeX Info: Redefining \% on input line 4.
LaTeX Info: Redefining \sptext on input line 8.
LaTeX Info: Redefining \. on input line 8.
LaTeX Info: Redefining \% on input line 8.
LaTeX Font Info:    Try loading font information for T1+pcr on input line 28.
 (/usr/share/texlive/texmf-dist/tex/latex/psnfss/t1pcr.fd
File: t1pcr.fd 2001/06/04 font definitions for T1/pcr.
)
Overfull \hbox (1.84418pt too wide) in paragraph at lines 28--28
 \T1/ptm/m/n/12 clin-i-cal phases while red rep-re-sents ex-penses in pre-clini
cal stages. 
 []


Overfull \hbox (31.79993pt too wide) in paragraph at lines 28--28
 \T1/pcr/m/n/12 edu / news / complete _ story / pr _ tufts _ csdd _ 2014 _ cost
 _ 
 []

)
\tf@lof=\write7
\openout7 = `thesis.lof'.


Underfull \vbox (badness 10000) has occurred while \output is active []

 [13


]
[14] (./thesis.lot
LaTeX Info: Redefining \sptext on input line 4.
LaTeX Info: Redefining \. on input line 4.
LaTeX Info: Redefining \% on input line 4.
LaTeX Info: Redefining \sptext on input line 8.
LaTeX Info: Redefining \. on input line 8.
LaTeX Info: Redefining \% on input line 8.
)
\tf@lot=\write8
\openout8 = `thesis.lot'.

 [15


] [16


] [1


] [2


]
Chapter 1.
LaTeX Font Info:    Font shape `T1/ptm/bx/n' in size <14.4> not available
(Font)              Font shape `T1/ptm/b/n' tried instead on input line 166.

Underfull \vbox (badness 10000) has occurred while \output is active []

 [3]
<../figures/protein_structure_levels_en.png, id=241, 250.9375pt x 437.635pt>
File: ../figures/protein_structure_levels_en.png Graphic file (type png)

<use ../figures/protein_structure_levels_en.png>
Package pdftex.def Info: ../figures/protein_structure_levels_en.png used on inp
ut line 173.
(pdftex.def)             Requested size: 188.20265pt x 328.22543pt.


LaTeX Warning: `h' float specifier changed to `ht'.

[4] <../figures/structure_vs_sequence.png, id=256, 451.6875pt x 432.61626pt>
File: ../figures/structure_vs_sequence.png Graphic file (type png)

<use ../figures/structure_vs_sequence.png>
Package pdftex.def Info: ../figures/structure_vs_sequence.png used on input lin
e 184.
(pdftex.def)             Requested size: 225.84319pt x 216.3076pt.

Underfull \vbox (badness 4328) has occurred while \output is active []

 [5 <../figures/protein_structure_levels_en.png>] [6 <../figures/structure_vs_s
equence.png>] [7] [8] <../figures/pdbs_per_year.pdf, id=325, 578.16pt x 433.62p
t>
File: ../figures/pdbs_per_year.pdf Graphic file (type pdf)

<use ../figures/pdbs_per_year.pdf>
Package pdftex.def Info: ../figures/pdbs_per_year.pdf used on input line 215.
(pdftex.def)             Requested size: 292.5pt x 219.37006pt.

<../figures/pie_smethods.pdf, id=326, 1027.84pt x 770.88pt>
File: ../figures/pie_smethods.pdf Graphic file (type pdf)

<use ../figures/pie_smethods.pdf>
Package pdftex.def Info: ../figures/pie_smethods.pdf used on input line 220.
(pdftex.def)             Requested size: 214.50119pt x 160.86623pt.

Underfull \vbox (badness 10000) has occurred while \output is active []

 [9]
[10 <../figures/pdbs_per_year.pdf> <../figures/pie_smethods.pdf>]
<../figures/workflow.jpg, id=453, 322.20375pt x 320.99925pt>
File: ../figures/workflow.jpg Graphic file (type jpg)

<use ../figures/workflow.jpg>
Package pdftex.def Info: ../figures/workflow.jpg used on input line 244.
(pdftex.def)             Requested size: 322.20296pt x 320.99846pt.
 [11] [12 <../figures/workflow.jpg>]
Overfull \hbox (6.26167pt too wide) in paragraph at lines 265--266
\T1/ptm/m/n/12 al-go-rithms. Atom-based distance-depend scor-ing func-tions hav
e proved
 []

[13] <../figures/homology_plot.pdf, id=516, 895.345pt x 575.14874pt>
File: ../figures/homology_plot.pdf Graphic file (type pdf)

<use ../figures/homology_plot.pdf>
Package pdftex.def Info: ../figures/homology_plot.pdf used on input line 272.
(pdftex.def)             Requested size: 313.37544pt x 201.30507pt.
 [14 <../figures/homology_plot.pdf>]

Package caption Warning: \label without proper \caption on input line 307.
See the caption package documentation for explanation.


LaTeX Warning: Reference `table:table_software' on page 15 undefined on input l
ine 278.

[15] [16] <../figures/lock_key_model.jpg, id=631, 447.6725pt x 76.285pt>
File: ../figures/lock_key_model.jpg Graphic file (type jpg)

<use ../figures/lock_key_model.jpg>
Package pdftex.def Info: ../figures/lock_key_model.jpg used on input line 331.
(pdftex.def)             Requested size: 292.5pt x 49.84422pt.

<../figures/induce_fit_model.jpg, id=632, 447.6725pt x 68.255pt>
File: ../figures/induce_fit_model.jpg Graphic file (type jpg)

<use ../figures/induce_fit_model.jpg>
Package pdftex.def Info: ../figures/induce_fit_model.jpg used on input line 337
.
(pdftex.def)             Requested size: 292.5pt x 44.59746pt.

<../figures/mwc_model.jpg, id=633, 493.845pt x 131.49126pt>
File: ../figures/mwc_model.jpg Graphic file (type jpg)

<use ../figures/mwc_model.jpg>
Package pdftex.def Info: ../figures/mwc_model.jpg used on input line 343.
(pdftex.def)             Requested size: 292.5pt x 77.88011pt.

Underfull \vbox (badness 6348) has occurred while \output is active []

 [17]
[18 <../figures/lock_key_model.jpg> <../figures/induce_fit_model.jpg> <../figur
es/mwc_model.jpg>] [19] [20]
Underfull \vbox (badness 1540) has occurred while \output is active []

 [21]
[22]

pdfTeX warning: pdflatex (file ../figures/drug_discovery_pipeline.pdf): PDF inc
lusion: found PDF version <1.6>, but at most version <1.5> allowed
<../figures/drug_discovery_pipeline.pdf, id=763, 1247.66125pt x 473.77pt>
File: ../figures/drug_discovery_pipeline.pdf Graphic file (type pdf)

<use ../figures/drug_discovery_pipeline.pdf>
Package pdftex.def Info: ../figures/drug_discovery_pipeline.pdf used on input l
ine 396.
(pdftex.def)             Requested size: 390.0pt x 148.0889pt.

<../figures/drug_discovery_evolution.jpg, id=772, 1355.0625pt x 976.64874pt>
File: ../figures/drug_discovery_evolution.jpg Graphic file (type jpg)

<use ../figures/drug_discovery_evolution.jpg>
Package pdftex.def Info: ../figures/drug_discovery_evolution.jpg used on input 
line 407.
(pdftex.def)             Requested size: 350.99762pt x 252.96893pt.

Underfull \hbox (badness 4328) in paragraph at lines 408--408
\T1/ptm/m/n/12 of Drug De-vel-op-ment ([]$\T1/pcr/m/n/12 http : / / csdd . tuft
s . edu / news / complete _
 []

[23 <../figures/drug_discovery_pipeline.pdf>]
Underfull \vbox (badness 10000) has occurred while \output is active []

 [24 <../figures/drug_discovery_evolution.jpg>]
LaTeX Font Info:    Font shape `T1/ptm/bx/it' in size <17.28> not available
(Font)              Font shape `T1/ptm/b/it' tried instead on input line 428.
 [25] [26]
Chapter 2.
[27


] [28


]
Chapter 3.
[29] [30


]
Chapter 4.
[31] [32


]
Chapter 5.
File: ../figures/logo_upf.png Graphic file (type png)
<use ../figures/logo_upf.png>
Package pdftex.def Info: ../figures/logo_upf.png used on input line 456.
(pdftex.def)             Requested size: 18.06744pt x 6.62473pt.
 [33] [34


]
No file thesis.ind.

Overfull \hbox (0.7066pt too wide) in paragraph at lines 473--473
[]\T1/ptm/m/n/12 B. Al-berts. \T1/ptm/m/it/12 Molec-u-lar Bi-ol-ogy of the Cell
: Ref-er-ence edi-tion\T1/ptm/m/n/12 . Molec-
 []


Overfull \hbox (14.52242pt too wide) in paragraph at lines 473--473
[]\T1/ptm/m/n/12 Cyrus Choth-ial and Arthur M Lesk. ^^S  pro-teins^^T. In: 5.4 
(1986), pp. 823^^U
 []


Overfull \hbox (9.2695pt too wide) in paragraph at lines 473--473
[]\T1/ptm/m/n/12 J C KENDREW et al. ^^S  Struc-ture of Myo-globin: A Three-Dime
nsional
 []

[35


]
Overfull \hbox (21.9132pt too wide) in paragraph at lines 473--473
[]\T1/ptm/m/n/12 Gerhard Wider. ^^S  Struc-ture De-ter-mi-na-tion of Bi-o-log-i
-cal Macro-molecules
 []

[36]
Overfull \hbox (5.85042pt too wide) in paragraph at lines 473--473
\T1/ptm/m/n/12 ATPase^^T. In: \T1/ptm/m/it/12 Na-ture \T1/ptm/m/n/12 521.7551 (
May 2015), pp. 241^^U245. \T1/ptm/m/sc/12 issn\T1/ptm/m/n/12 : 0028-
 []


Overfull \hbox (2.88158pt too wide) in paragraph at lines 473--473
[]\T1/ptm/m/n/12 Xiao-chen Bai et al. ^^S  An atomic struc-ture of hu-man [ggr]
-secretase^^T.
 []


Overfull \hbox (4.22093pt too wide) in paragraph at lines 473--473
\T1/ptm/m/n/12 el-ing Plat-form Soft-ware for Struc-ture De-ter-mi-na-tion of M
acro-molec-
 []


Overfull \hbox (33.14699pt too wide) in paragraph at lines 473--473
\T1/ptm/m/n/12 Unit 2.9. \T1/ptm/m/sc/12 issn\T1/ptm/m/n/12 : 1934-3663. \T1/pt
m/m/sc/12 doi\T1/ptm/m/n/12 : []$\T1/pcr/m/n/12 10 . 1002 / 0471140864 . ps0209
s50$[]
 []

[37]
Overfull \hbox (8.01569pt too wide) in paragraph at lines 473--473
\T1/ptm/m/n/12 dic-tion.^^T In: \T1/ptm/m/it/12 Jour-nal of molec-u-lar bi-ol-o
gy \T1/ptm/m/n/12 275.5 (Feb. 1998), pp. 895^^U
 []

[38]
Overfull \hbox (4.99925pt too wide) in paragraph at lines 473--473
\T1/ptm/m/n/12 235. \T1/ptm/m/sc/12 issn\T1/ptm/m/n/12 : 0959440X. \T1/ptm/m/sc
/12 doi\T1/ptm/m/n/12 : []$\T1/pcr/m/n/12 10 . 1016 / 0959 -[] 440X(95 ) 80081 
-[]
 []

[39]
Overfull \hbox (3.19252pt too wide) in paragraph at lines 473--473
\T1/ptm/m/it/12 cleic Acids Re-search \T1/ptm/m/n/12 42.Web Server is-sue (July
 2014), W252^^UW258.
 []

[40]
Overfull \hbox (8.38464pt too wide) in paragraph at lines 473--473
\T1/ptm/m/it/12 Re-search \T1/ptm/m/n/12 32.Web Server is-sue (July 2004), W526
^^UW531. \T1/ptm/m/sc/12 issn\T1/ptm/m/n/12 : 0305-
 []


Overfull \hbox (12.83112pt too wide) in paragraph at lines 473--473
\T1/ptm/m/n/12 Daisuke Ki-hara. New York, NY: Springer New York, 2014. Chap. Ra
p-
 []


Overfull \hbox (13.47195pt too wide) in paragraph at lines 473--473
[]\T1/ptm/m/n/12 Jane S. Richard-son. \T1/ptm/m/it/12 Ad-vances in Pro-tein Che
m-istry Vol-ume 34\T1/ptm/m/n/12 . Vol. 34.
 []


Overfull \hbox (9.86705pt too wide) in paragraph at lines 473--473
\T1/ptm/m/n/12 1981, pp. 167^^U339. \T1/ptm/m/sc/12 isbn\T1/ptm/m/n/12 : 978012
0342341. \T1/ptm/m/sc/12 doi\T1/ptm/m/n/12 : []$\T1/pcr/m/n/12 10 . 1016 / S006
5 -[]
 []

[41]
Overfull \hbox (0.97946pt too wide) in paragraph at lines 473--473
\T1/ptm/m/n/12 chaeal, eu-bac-te-rial and eu-kary-otic pro-teomes.^^T In: \T1/p
tm/m/it/12 Jour-nal of molec-
 []


Overfull \hbox (24.90508pt too wide) in paragraph at lines 473--473
[]\T1/ptm/m/n/12 Sarah Hunter et al. ^^S  In-ter-Pro: The in-te-gra-tive pro-te
in sig-na-ture database^^T.
 []


Overfull \hbox (10.61275pt too wide) in paragraph at lines 473--473
\T1/ptm/m/n/12 pp. 245^^U258. \T1/ptm/m/sc/12 issn\T1/ptm/m/n/12 : 1553-0809. \
T1/ptm/m/sc/12 doi\T1/ptm/m/n/12 : []$\T1/pcr/m/n/12 10 . 1002 / jcp . 10305404
20$[]
 []

[42]
Overfull \hbox (49.03123pt too wide) in paragraph at lines 473--473
\T1/ptm/m/n/12 517. \T1/ptm/m/sc/12 issn\T1/ptm/m/n/12 : 1097-0134. \T1/ptm/m/s
c/12 doi\T1/ptm/m/n/12 : []$\T1/pcr/m/n/12 10 . 1002 / (SICI ) 1097 -[] 0134(19
981201 )
 []


Overfull \hbox (4.19939pt too wide) in paragraph at lines 473--473
\T1/ptm/m/n/12 tion^^T. In: \T1/ptm/m/it/12 eLS\T1/ptm/m/n/12 . John Wi-ley & S
ons, Ltd, 2001. \T1/ptm/m/sc/12 isbn\T1/ptm/m/n/12 : 9780470015902.
 []


Overfull \hbox (17.90634pt too wide) in paragraph at lines 473--473
[]\T1/ptm/m/n/12 Krishna Ravin-dranathan et al. ^^S  Im-prov-ing MM-GB SA Scor-
ing through
 []


Overfull \hbox (31.89091pt too wide) in paragraph at lines 473--473
\T1/ptm/m/n/12 2009), pp. 11793^^U11799. \T1/ptm/m/sc/12 issn\T1/ptm/m/n/12 : 1
520-6106. \T1/ptm/m/sc/12 doi\T1/ptm/m/n/12 : []$\T1/pcr/m/n/12 10 . 1021 / jp9
01212t$[]
 []

[43]
Overfull \hbox (2.99146pt too wide) in paragraph at lines 473--473
\T1/ptm/m/n/12 In: \T1/ptm/m/it/12 Jour-nal of Chem-i-cal In-for-ma-tion and Mo
d-el-ing \T1/ptm/m/n/12 47.2 (Mar. 2007),
 []


Overfull \hbox (6.24532pt too wide) in paragraph at lines 473--473
\T1/ptm/m/n/12 er-gies with the non-lin-ear Poisson-Boltzmann equa-tion^^T. In:
 \T1/ptm/m/it/12 The Jour-
 []


Overfull \hbox (10.73082pt too wide) in paragraph at lines 473--473
[]\T1/ptm/m/n/12 Donald Bash-ford and David A Case. ^^S  GEN-ER-AL-IZED BORN MO
D-
 []


Overfull \hbox (9.1094pt too wide) in paragraph at lines 473--473
[]\T1/ptm/m/n/12 Philip Prathipati and Kenji Mizuguchi. ^^S  Sys-tems Bi-ol-ogy
 Ap-proaches
 []


Overfull \hbox (8.80162pt too wide) in paragraph at lines 473--473
\T1/ptm/m/n/12 to a Ra-tio-nal Drug Dis-cov-ery Paradigm^^T. In: \T1/ptm/m/it/1
2 Cur-rent Top-ics in Medic-
 []

[44]
Overfull \hbox (6.85947pt too wide) in paragraph at lines 473--473
\T1/ptm/m/it/12 Acids Re-search \T1/ptm/m/n/12 35.Database is-sue (Jan. 2007), 
pp. D198^^UD201. \T1/ptm/m/sc/12 issn\T1/ptm/m/n/12 :
 []


Overfull \hbox (15.21829pt too wide) in paragraph at lines 473--473
[]\T1/ptm/m/n/12 Sunghwan Kim et al. ^^S  Pub-Chem Sub-stance and Com-pound dat
abases^^T.
 []


Overfull \hbox (55.03123pt too wide) in paragraph at lines 473--473
\T1/ptm/m/n/12 1189. \T1/ptm/m/sc/12 issn\T1/ptm/m/n/12 : 0192-8651. \T1/ptm/m/
sc/12 doi\T1/ptm/m/n/12 : []$\T1/pcr/m/n/12 10 . 1002 / (SICI ) 1096 -[] 987X(1
9970715 )
 []

[45]
Overfull \hbox (0.20035pt too wide) in paragraph at lines 473--473
\T1/ptm/m/it/12 ogy \T1/ptm/m/n/12 261.3 (Aug. 1996), pp. 470^^U489. \T1/ptm/m/
sc/12 issn\T1/ptm/m/n/12 : 0022-2836. \T1/ptm/m/sc/12 doi\T1/ptm/m/n/12 : []$\T
1/pcr/m/n/12 http :
 []


Overfull \hbox (1.17308pt too wide) in paragraph at lines 473--473
\T1/ptm/m/n/12 dis-cov-ery: meth-ods and ap-pli-ca-tions^^T. In: \T1/ptm/m/it/1
2 Na-ture Re-views Drug Dis-
 []


Overfull \hbox (4.50656pt too wide) in paragraph at lines 473--473
\T1/ptm/m/it/12 cov-ery \T1/ptm/m/n/12 3.11 (2004), pp. 935^^U949. \T1/ptm/m/sc
/12 issn\T1/ptm/m/n/12 : 1474-1784. \T1/ptm/m/sc/12 doi\T1/ptm/m/n/12 : []$\T1/
pcr/m/n/12 10 . 1038 /
 []


Overfull \hbox (35.61743pt too wide) in paragraph at lines 473--473
[]\T1/ptm/m/n/12 Lisa Hutchin-son and Re-becca Kirk. ^^S  High drug at-tri-tion
 rates[mdash]where
 []

[46]
Overfull \hbox (23.77074pt too wide) in paragraph at lines 473--473
\T1/ptm/m/it/12 Jour-nal of Phar-ma-col-ogy \T1/ptm/m/n/12 162.6 (2011), pp. 12
39^^U1249. \T1/ptm/m/sc/12 issn\T1/ptm/m/n/12 : 00071188.
 []

[47]
Overfull \hbox (18.88936pt too wide) in paragraph at lines 473--473
\T1/ptm/m/n/12 ci-parum^^T. In: \T1/ptm/m/it/12 In-fec-tion, Ge-net-ics and Evo
-lu-tion \T1/ptm/m/n/12 37 (Jan. 2016), pp. 237^^U
 []


Overfull \hbox (9.92471pt too wide) in paragraph at lines 473--473
[]\T1/ptm/m/n/12 Roger Perkins et al. ^^S  Quan-ti-ta-tive structure-activity r
e-la-tion-ship meth-
 []

[48]
Overfull \hbox (2.84378pt too wide) in paragraph at lines 473--473
\T1/ptm/m/it/12 Chem-i-cal So-ci-ety \T1/ptm/m/n/12 119.43 (Oct. 1997), pp. 105
09^^U10524. \T1/ptm/m/sc/12 issn\T1/ptm/m/n/12 : 0002-
 []


Overfull \hbox (19.89091pt too wide) in paragraph at lines 473--473
\T1/ptm/m/n/12 2002), pp. 2139^^U2149. \T1/ptm/m/sc/12 issn\T1/ptm/m/n/12 : 002
2-2623. \T1/ptm/m/sc/12 doi\T1/ptm/m/n/12 : []$\T1/pcr/m/n/12 10 . 1021 / jm011
005p$[]
 []


Overfull \hbox (3.85004pt too wide) in paragraph at lines 473--473
\T1/ptm/m/it/12 Medic-i-nal Chem-istry \T1/ptm/m/n/12 48.11 (June 2005), pp. 37
00^^U3703. \T1/ptm/m/sc/12 issn\T1/ptm/m/n/12 : 0022-
 []

[49]

! LaTeX Error: \begin{enumerate} on input line 419 ended by \end{document}.

See the LaTeX manual or LaTeX Companion for explanation.
Type  H <return>  for immediate help.
 ...                                              
                                                  
l.479 \end{document}
                    
Your command was ignored.
Type  I <command> <return>  to replace it with another command,
or  <return>  to continue without it.

Package atveryend Info: Empty hook `BeforeClearDocument' on input line 479.
[50]
Package atveryend Info: Empty hook `AfterLastShipout' on input line 479.
 (./thesis.aux
LaTeX Info: Redefining \sptext on input line 32.
LaTeX Info: Redefining \. on input line 32.
LaTeX Info: Redefining \% on input line 32.
LaTeX Info: Redefining \sptext on input line 40.
LaTeX Info: Redefining \. on input line 40.
LaTeX Info: Redefining \% on input line 40.
)
Package atveryend Info: Executing hook `AtVeryEndDocument' on input line 479.
Package atveryend Info: Executing hook `AtEndAfterFileList' on input line 479.
Package rerunfilecheck Info: File `thesis.out' has not changed.
(rerunfilecheck)             Checksum: C68AA2623A9949DB0600D7F05A676D92;1113.


LaTeX Warning: There were undefined references.


LaTeX Warning: Label(s) may have changed. Rerun to get cross-references right.


Package biblatex Warning: Please (re)run Biber on the file:
(biblatex)                thesis
(biblatex)                and rerun LaTeX afterwards.

Package logreq Info: Writing requests to 'thesis.run.xml'.
\openout1 = `thesis.run.xml'.

Package atveryend Info: Empty hook `AtVeryVeryEnd' on input line 479.
 )
(\end occurred inside a group at level 2)

### semi simple group (level 2) entered at line 419 (\begingroup)
### simple group (level 1) entered at line 390 ({)
### bottom level 
Here is how much of TeX's memory you used:
 16687 strings out of 495034
 265683 string characters out of 6181677
 786852 words of memory out of 5000000
 19349 multiletter control sequences out of 15000+600000
 73906 words of font info for 77 fonts, out of 8000000 for 9000
 14 hyphenation exceptions out of 8191
 42i,11n,75p,4222b,2380s stack positions out of 5000i,500n,10000p,200000b,80000s
{/usr/share/texlive/texmf-dist/fonts/enc/dvips/base/8r.enc}</us
r/share/texlive/texmf-dist/fonts/type1/public/amsfonts/cm/cmex10.pfb></usr/shar
e/texlive/texmf-dist/fonts/type1/public/amsfonts/cm/cmmi10.pfb></usr/share/texl
ive/texmf-dist/fonts/type1/public/amsfonts/cm/cmmi12.pfb></usr/share/texlive/te
xmf-dist/fonts/type1/public/amsfonts/cm/cmmi7.pfb></usr/share/texlive/texmf-dis
t/fonts/type1/public/amsfonts/cm/cmmi8.pfb></usr/share/texlive/texmf-dist/fonts
/type1/public/amsfonts/cm/cmr10.pfb></usr/share/texlive/texmf-dist/fonts/type1/
public/amsfonts/cm/cmr12.pfb></usr/share/texlive/texmf-dist/fonts/type1/public/
amsfonts/cm/cmr7.pfb></usr/share/texlive/texmf-dist/fonts/type1/public/amsfonts
/cm/cmsy10.pfb></usr/share/texlive/texmf-dist/fonts/type1/urw/courier/ucrr8a.pf
b></usr/share/texlive/texmf-dist/fonts/type1/urw/helvetic/uhvb8a.pfb></usr/shar
e/texlive/texmf-dist/fonts/type1/urw/helvetic/uhvr8a.pfb></usr/share/texlive/te
xmf-dist/fonts/type1/urw/times/utmb8a.pfb></usr/share/texlive/texmf-dist/fonts/
type1/urw/times/utmbi8a.pfb></usr/share/texlive/texmf-dist/fonts/type1/urw/time
s/utmr8a.pfb></usr/share/texlive/texmf-dist/fonts/type1/urw/times/utmri8a.pfb>
Output written on thesis.pdf (66 pages, 778939 bytes).
PDF statistics:
 1360 PDF objects out of 1440 (max. 8388607)
 1186 compressed objects within 12 object streams
 276 named destinations out of 1000 (max. 500000)
 197 words of extra memory for PDF output out of 10000 (max. 10000000)

